current directory: /home/isucon/webapp/ruby/.bundle/ruby/3.0.0/gems/puma-5.4.0/ext/puma_http11
/home/isucon/local/ruby/bin/ruby -I /home/isucon/local/ruby/lib/ruby/3.0.0 -r ./siteconf20220427-166357-c8wjzg.rb extconf.rb
using OpenSSL pkgconfig (openssl.pc)
checking for openssl/bio.h... yes
checking for DTLS_method() in openssl/ssl.h... yes
checking for TLS_server_method() in openssl/ssl.h... yes
checking for SSL_CTX_set_min_proto_version(NULL, 0) in openssl/ssl.h... yes
checking for X509_STORE_up_ref()... yes
checking for SSL_CTX_set_ecdh_auto(NULL, 0) in openssl/ssl.h... yes
checking for Random.bytes... yes
creating Makefile

current directory: /home/isucon/webapp/ruby/.bundle/ruby/3.0.0/gems/puma-5.4.0/ext/puma_http11
make DESTDIR\= clean

current directory: /home/isucon/webapp/ruby/.bundle/ruby/3.0.0/gems/puma-5.4.0/ext/puma_http11
make DESTDIR\=
compiling http11_parser.c
compiling mini_ssl.c
compiling puma_http11.c
linking shared-object puma/puma_http11.so

current directory: /home/isucon/webapp/ruby/.bundle/ruby/3.0.0/gems/puma-5.4.0/ext/puma_http11
make DESTDIR\= install
/usr/bin/install -c -m 0755 puma_http11.so ./.gem.20220427-166357-ssncfw/puma
